-- Skipping the first line
Product found (SKU), ID is: 2182
http://staging.greenmanwines.ie/wp/wp-content/uploads/2017/07/test-wine-image.jpg
-----> Row
Product saved with ID: 2182
featured image is imported using the filename
The image is attached as featured image
-----> end row
Product found (SKU), ID is: 2183
http://staging.greenmanwines.ie/product-images/test-wine-image.jpg
-----> Row
backorders changed to no
Product saved with ID: 2183
featured image is imported using the filename
The image is attached as featured image
-----> end row
Product found (SKU), ID is: 2184
http://staging.greenmanwines.ie/product-images/test-wine-image.jpg
-----> Row
manage_stock changed to no
Product is on sale
Product saved with ID: 2184
featured image is imported using the filename
The image is attached as featured image
-----> end row
