-- Skipping the first line
New product
test-wine-image.jpg
-----> Row
Product saved with ID: 2189
featured image is imported using the filename
The image is attached as featured image
-----> end row
New product
http://staging.greenmanwines.ie/product-images/test-wine-image.jpg
-----> Row
backorders changed to no
Product saved with ID: 2190
featured image is imported using the filename
The image is attached as featured image
-----> end row
New product
http://staging.greenmanwines.ie/product-images/test-wine-image.jpg
-----> Row
manage_stock changed to no
Product is on sale
Product saved with ID: 2191
featured image is imported using the filename
The image is attached as featured image
-----> end row
