-- Skipping the first line
AM0001.jpg
-----> Row
Product could not be saved and skipped
-----> end row
AR0001.jpg
-----> Row
Product could not be saved and skipped
-----> end row
AR0002.jpg
-----> Row
Product is on sale
Product could not be saved and skipped
-----> end row
-----> Row
No title, slug or content. Filled in dummy content
post status changed to publish
title is empty status changed to draft
stock status changed to instock
visibility changed to visible
backorders changed to no
manage_stock changed to no
Product saved with ID: 2270
No featured image available 
-----> end row
-----> Row
No title, slug or content. Filled in dummy content
post status changed to publish
title is empty status changed to draft
stock status changed to instock
visibility changed to visible
backorders changed to no
manage_stock changed to no
Product saved with ID: 2271
No featured image available 
-----> end row
-----> Row
No title, slug or content. Filled in dummy content
post status changed to publish
title is empty status changed to draft
stock status changed to instock
visibility changed to visible
backorders changed to no
manage_stock changed to no
Product saved with ID: 2272
No featured image available 
-----> end row
-----> Row
No title, slug or content. Filled in dummy content
post status changed to publish
title is empty status changed to draft
stock status changed to instock
visibility changed to visible
backorders changed to no
manage_stock changed to no
Product saved with ID: 2273
No featured image available 
-----> end row
-----> Row
No title, slug or content. Filled in dummy content
post status changed to publish
title is empty status changed to draft
stock status changed to instock
visibility changed to visible
backorders changed to no
manage_stock changed to no
Product saved with ID: 2274
No featured image available 
-----> end row
-----> Row
No title, slug or content. Filled in dummy content
post status changed to publish
title is empty status changed to draft
stock status changed to instock
visibility changed to visible
backorders changed to no
manage_stock changed to no
Product saved with ID: 2275
No featured image available 
-----> end row
-----> Row
No title, slug or content. Filled in dummy content
post status changed to publish
title is empty status changed to draft
stock status changed to instock
visibility changed to visible
backorders changed to no
manage_stock changed to no
Product saved with ID: 2276
No featured image available 
-----> end row
-----> Row
No title, slug or content. Filled in dummy content
post status changed to publish
title is empty status changed to draft
stock status changed to instock
visibility changed to visible
backorders changed to no
manage_stock changed to no
Product saved with ID: 2277
No featured image available 
-----> end row
-----> Row
No title, slug or content. Filled in dummy content
post status changed to publish
title is empty status changed to draft
stock status changed to instock
visibility changed to visible
backorders changed to no
manage_stock changed to no
Product saved with ID: 2278
No featured image available 
-----> end row
-----> Row
No title, slug or content. Filled in dummy content
post status changed to publish
title is empty status changed to draft
stock status changed to instock
visibility changed to visible
backorders changed to no
manage_stock changed to no
Product saved with ID: 2279
No featured image available 
-----> end row
-----> Row
No title, slug or content. Filled in dummy content
post status changed to publish
title is empty status changed to draft
stock status changed to instock
visibility changed to visible
backorders changed to no
manage_stock changed to no
Product saved with ID: 2280
No featured image available 
-----> end row
-----> Row
No title, slug or content. Filled in dummy content
post status changed to publish
title is empty status changed to draft
stock status changed to instock
visibility changed to visible
backorders changed to no
manage_stock changed to no
Product saved with ID: 2281
No featured image available 
-----> end row
-----> Row
No title, slug or content. Filled in dummy content
post status changed to publish
title is empty status changed to draft
stock status changed to instock
visibility changed to visible
backorders changed to no
manage_stock changed to no
Product saved with ID: 2282
No featured image available 
-----> end row
-----> Row
No title, slug or content. Filled in dummy content
post status changed to publish
title is empty status changed to draft
stock status changed to instock
visibility changed to visible
backorders changed to no
manage_stock changed to no
Product saved with ID: 2283
No featured image available 
-----> end row
-----> Row
No title, slug or content. Filled in dummy content
post status changed to publish
title is empty status changed to draft
stock status changed to instock
visibility changed to visible
backorders changed to no
manage_stock changed to no
Product saved with ID: 2284
No featured image available 
-----> end row
-----> Row
No title, slug or content. Filled in dummy content
post status changed to publish
title is empty status changed to draft
stock status changed to instock
visibility changed to visible
backorders changed to no
manage_stock changed to no
Product saved with ID: 2285
No featured image available 
-----> end row
-----> Row
No title, slug or content. Filled in dummy content
post status changed to publish
title is empty status changed to draft
stock status changed to instock
visibility changed to visible
backorders changed to no
manage_stock changed to no
Product saved with ID: 2286
No featured image available 
-----> end row
-----> Row
No title, slug or content. Filled in dummy content
post status changed to publish
title is empty status changed to draft
stock status changed to instock
visibility changed to visible
backorders changed to no
manage_stock changed to no
Product saved with ID: 2287
No featured image available 
-----> end row
-----> Row
No title, slug or content. Filled in dummy content
post status changed to publish
title is empty status changed to draft
stock status changed to instock
visibility changed to visible
backorders changed to no
manage_stock changed to no
Product saved with ID: 2288
No featured image available 
-----> end row
-----> Row
No title, slug or content. Filled in dummy content
post status changed to publish
title is empty status changed to draft
stock status changed to instock
visibility changed to visible
backorders changed to no
manage_stock changed to no
Product saved with ID: 2289
No featured image available 
-----> end row
-----> Row
No title, slug or content. Filled in dummy content
post status changed to publish
title is empty status changed to draft
stock status changed to instock
visibility changed to visible
backorders changed to no
manage_stock changed to no
Product saved with ID: 2290
No featured image available 
-----> end row
-----> Row
No title, slug or content. Filled in dummy content
post status changed to publish
title is empty status changed to draft
stock status changed to instock
visibility changed to visible
backorders changed to no
manage_stock changed to no
Product saved with ID: 2291
No featured image available 
-----> end row
-----> Row
No title, slug or content. Filled in dummy content
post status changed to publish
title is empty status changed to draft
stock status changed to instock
visibility changed to visible
backorders changed to no
manage_stock changed to no
Product saved with ID: 2292
No featured image available 
-----> end row
-----> Row
No title, slug or content. Filled in dummy content
post status changed to publish
title is empty status changed to draft
stock status changed to instock
visibility changed to visible
backorders changed to no
manage_stock changed to no
Product saved with ID: 2293
No featured image available 
-----> end row
-----> Row
No title, slug or content. Filled in dummy content
post status changed to publish
title is empty status changed to draft
stock status changed to instock
visibility changed to visible
backorders changed to no
manage_stock changed to no
Product saved with ID: 2294
No featured image available 
-----> end row
-----> Row
No title, slug or content. Filled in dummy content
post status changed to publish
title is empty status changed to draft
stock status changed to instock
visibility changed to visible
backorders changed to no
manage_stock changed to no
Product saved with ID: 2295
No featured image available 
-----> end row
-----> Row
No title, slug or content. Filled in dummy content
post status changed to publish
title is empty status changed to draft
stock status changed to instock
visibility changed to visible
backorders changed to no
manage_stock changed to no
Product saved with ID: 2296
No featured image available 
-----> end row
-----> Row
No title, slug or content. Filled in dummy content
post status changed to publish
title is empty status changed to draft
stock status changed to instock
visibility changed to visible
backorders changed to no
manage_stock changed to no
Product saved with ID: 2297
No featured image available 
-----> end row
-----> Row
No title, slug or content. Filled in dummy content
post status changed to publish
title is empty status changed to draft
stock status changed to instock
visibility changed to visible
backorders changed to no
manage_stock changed to no
Product saved with ID: 2298
No featured image available 
-----> end row
-----> Row
No title, slug or content. Filled in dummy content
post status changed to publish
title is empty status changed to draft
stock status changed to instock
visibility changed to visible
backorders changed to no
manage_stock changed to no
Product saved with ID: 2299
No featured image available 
-----> end row
-----> Row
No title, slug or content. Filled in dummy content
post status changed to publish
title is empty status changed to draft
stock status changed to instock
visibility changed to visible
backorders changed to no
manage_stock changed to no
Product saved with ID: 2300
No featured image available 
-----> end row
-----> Row
No title, slug or content. Filled in dummy content
post status changed to publish
title is empty status changed to draft
stock status changed to instock
visibility changed to visible
backorders changed to no
manage_stock changed to no
Product saved with ID: 2301
No featured image available 
-----> end row
-----> Row
No title, slug or content. Filled in dummy content
post status changed to publish
title is empty status changed to draft
stock status changed to instock
visibility changed to visible
backorders changed to no
manage_stock changed to no
Product saved with ID: 2302
No featured image available 
-----> end row
-----> Row
No title, slug or content. Filled in dummy content
post status changed to publish
title is empty status changed to draft
stock status changed to instock
visibility changed to visible
backorders changed to no
manage_stock changed to no
Product saved with ID: 2303
No featured image available 
-----> end row
-----> Row
No title, slug or content. Filled in dummy content
post status changed to publish
title is empty status changed to draft
stock status changed to instock
visibility changed to visible
backorders changed to no
manage_stock changed to no
Product saved with ID: 2304
No featured image available 
-----> end row
-----> Row
No title, slug or content. Filled in dummy content
post status changed to publish
title is empty status changed to draft
stock status changed to instock
visibility changed to visible
backorders changed to no
manage_stock changed to no
Product saved with ID: 2305
No featured image available 
-----> end row
