-- Skipping the first line
Product found (SKU), ID is: 2209
test-wine-image.jpg
-----> Row
Product saved with ID: 2209
featured image is imported using the filename
The image is attached as featured image
-----> end row
Product found (SKU), ID is: 2210
test-wine-image.jpg
-----> Row
backorders changed to no
Product saved with ID: 2210
featured image is imported using the filename
The image is attached as featured image
-----> end row
Product found (SKU), ID is: 2211
test-wine-image.jpg
-----> Row
manage_stock changed to no
Product is on sale
Product saved with ID: 2211
featured image is imported using the filename
The image is attached as featured image
-----> end row
